<?xml version="1.0" encoding="UTF-8"?>
<coverage generated="1529301007445" clover="3.2.0">
  <project timestamp="1529301007445" name="All files">
    <metrics statements="59" coveredstatements="19" conditionals="17" coveredconditionals="1" methods="5" coveredmethods="4" elements="81" coveredelements="24" complexity="0" loc="59" ncloc="59" packages="2" files="7" classes="7">
      <package name="src">
        <metrics statements="40" coveredstatements="0" conditionals="16" coveredconditionals="0" methods="1" coveredmethods="0"/>
        <file name="AllowsType.js" path="E:\workspace\fake-random-data\src\AllowsType.js">
          <metrics statements="4" coveredstatements="0" conditionals="0" coveredconditionals="0" methods="0" coveredmethods="0"/>
          <line num="1" count="0" type="stmt"/>
          <line num="2" count="0" type="stmt"/>
          <line num="3" count="0" type="stmt"/>
          <line num="4" count="0" type="stmt"/>
        </file>
        <file name="BrowserFakeRandomData.js" path="E:\workspace\fake-random-data\src\BrowserFakeRandomData.js">
          <metrics statements="5" coveredstatements="0" conditionals="2" coveredconditionals="0" methods="0" coveredmethods="0"/>
          <line num="1" count="0" type="stmt"/>
          <line num="2" count="0" type="stmt"/>
          <line num="4" count="0" type="cond" truecount="0" falsecount="2"/>
          <line num="5" count="0" type="stmt"/>
          <line num="6" count="0" type="stmt"/>
        </file>
        <file name="FakeRandomData.js" path="E:\workspace\fake-random-data\src\FakeRandomData.js">
          <metrics statements="31" coveredstatements="0" conditionals="14" coveredconditionals="0" methods="1" coveredmethods="0"/>
          <line num="1" count="0" type="stmt"/>
          <line num="2" count="0" type="stmt"/>
          <line num="3" count="0" type="stmt"/>
          <line num="4" count="0" type="stmt"/>
          <line num="5" count="0" type="stmt"/>
          <line num="8" count="0" type="stmt"/>
          <line num="12" count="0" type="cond" truecount="0" falsecount="2"/>
          <line num="13" count="0" type="stmt"/>
          <line num="16" count="0" type="cond" truecount="0" falsecount="4"/>
          <line num="17" count="0" type="stmt"/>
          <line num="20" count="0" type="stmt"/>
          <line num="21" count="0" type="stmt"/>
          <line num="22" count="0" type="cond" truecount="0" falsecount="2"/>
          <line num="23" count="0" type="stmt"/>
          <line num="26" count="0" type="stmt"/>
          <line num="30" count="0" type="stmt"/>
          <line num="31" count="0" type="stmt"/>
          <line num="33" count="0" type="cond" truecount="0" falsecount="2"/>
          <line num="34" count="0" type="stmt"/>
          <line num="37" count="0" type="stmt"/>
          <line num="41" count="0" type="stmt"/>
          <line num="43" count="0" type="stmt"/>
          <line num="45" count="0" type="stmt"/>
          <line num="46" count="0" type="stmt"/>
          <line num="48" count="0" type="stmt"/>
          <line num="49" count="0" type="stmt"/>
          <line num="51" count="0" type="stmt"/>
          <line num="52" count="0" type="stmt"/>
          <line num="54" count="0" type="stmt"/>
          <line num="55" count="0" type="stmt"/>
          <line num="58" count="0" type="stmt"/>
        </file>
      </package>
      <package name="src.randoms">
        <metrics statements="19" coveredstatements="19" conditionals="1" coveredconditionals="1" methods="4" coveredmethods="4"/>
        <file name="RandomBoolean.js" path="E:\workspace\fake-random-data\src\randoms\RandomBoolean.js">
          <metrics statements="2" coveredstatements="2" conditionals="0" coveredconditionals="0" methods="1" coveredmethods="1"/>
          <line num="1" count="2" type="stmt"/>
          <line num="2" count="2" type="stmt"/>
        </file>
        <file name="RandomFloat.js" path="E:\workspace\fake-random-data\src\randoms\RandomFloat.js">
          <metrics statements="4" coveredstatements="4" conditionals="0" coveredconditionals="0" methods="1" coveredmethods="1"/>
          <line num="1" count="1" type="stmt"/>
          <line num="2" count="3" type="stmt"/>
          <line num="3" count="3" type="stmt"/>
          <line num="4" count="3" type="stmt"/>
        </file>
        <file name="RandomInt.js" path="E:\workspace\fake-random-data\src\randoms\RandomInt.js">
          <metrics statements="4" coveredstatements="4" conditionals="0" coveredconditionals="0" methods="1" coveredmethods="1"/>
          <line num="1" count="1" type="stmt"/>
          <line num="2" count="6" type="stmt"/>
          <line num="3" count="6" type="stmt"/>
          <line num="4" count="6" type="stmt"/>
        </file>
        <file name="RandomString.js" path="E:\workspace\fake-random-data\src\randoms\RandomString.js">
          <metrics statements="9" coveredstatements="9" conditionals="1" coveredconditionals="1" methods="1" coveredmethods="1"/>
          <line num="1" count="1" type="cond" truecount="1" falsecount="0"/>
          <line num="2" count="4" type="stmt"/>
          <line num="3" count="4" type="stmt"/>
          <line num="4" count="4" type="stmt"/>
          <line num="5" count="4" type="stmt"/>
          <line num="6" count="4" type="stmt"/>
          <line num="8" count="4" type="stmt"/>
          <line num="9" count="50" type="stmt"/>
          <line num="12" count="4" type="stmt"/>
        </file>
      </package>
    </metrics>
  </project>
</coverage>
