{"E:\\workspace\\fake-random-data\\src\\AllowsType.js": {"path":"E:\\workspace\\fake-random-data\\src\\AllowsType.js","statementMap":{"0":{"start":{"line":1,"column":13},"end":{"line":1,"column":7}},"1":{"start":{"line":2,"column":13},"end":{"line":2,"column":7}},"2":{"start":{"line":3,"column":13},"end":{"line":3,"column":7}},"3":{"start":{"line":4,"column":13},"end":{"line":4,"column":7}}},"fnMap":{},"branchMap":{},"s":{"0":0,"1":0,"2":0,"3":0},"f":{},"b":{}}
,"E:\\workspace\\fake-random-data\\src\\BrowserFakeRandomData.js": {"path":"E:\\workspace\\fake-random-data\\src\\BrowserFakeRandomData.js","statementMap":{"0":{"start":{"line":1,"column":0},"end":{"line":null,"column":-1}},"1":{"start":{"line":2,"column":0},"end":{"line":null,"column":-1}},"2":{"start":{"line":4,"column":0},"end":{"line":7,"column":1}},"3":{"start":{"line":5,"column":1},"end":{"line":null,"column":-1}},"4":{"start":{"line":6,"column":1},"end":{"line":null,"column":-1}}},"fnMap":{},"branchMap":{"0":{"loc":{"start":{"line":4,"column":0},"end":{"line":7,"column":1}},"type":"if","locations":[{"start":{"line":4,"column":0},"end":{"line":7,"column":1}},{"start":{"line":4,"column":0},"end":{"line":7,"column":1}}]}},"s":{"0":0,"1":0,"2":0,"3":0,"4":0},"f":{},"b":{"0":[0,0]}}
,"E:\\workspace\\fake-random-data\\src\\FakeRandomData.js": {"path":"E:\\workspace\\fake-random-data\\src\\FakeRandomData.js","statementMap":{"0":{"start":{"line":1,"column":0},"end":{"line":null,"column":-1}},"1":{"start":{"line":2,"column":0},"end":{"line":null,"column":-1}},"2":{"start":{"line":3,"column":0},"end":{"line":null,"column":-1}},"3":{"start":{"line":4,"column":0},"end":{"line":null,"column":-1}},"4":{"start":{"line":5,"column":0},"end":{"line":null,"column":-1}},"5":{"start":{"line":8,"column":15},"end":{"line":null,"column":-1}},"6":{"start":{"line":12,"column":3},"end":{"line":14,"column":4}},"7":{"start":{"line":13,"column":5},"end":{"line":null,"column":-1}},"8":{"start":{"line":16,"column":3},"end":{"line":18,"column":4}},"9":{"start":{"line":17,"column":5},"end":{"line":null,"column":-1}},"10":{"start":{"line":20,"column":14},"end":{"line":20,"column":3}},"11":{"start":{"line":21,"column":3},"end":{"line":25,"column":4}},"12":{"start":{"line":22,"column":5},"end":{"line":24,"column":6}},"13":{"start":{"line":23,"column":7},"end":{"line":null,"column":-1}},"14":{"start":{"line":26,"column":3},"end":{"line":null,"column":-1}},"15":{"start":{"line":30,"column":14},"end":{"line":30,"column":2}},"16":{"start":{"line":31,"column":17},"end":{"line":31,"column":2}},"17":{"start":{"line":33,"column":2},"end":{"line":35,"column":3}},"18":{"start":{"line":34,"column":3},"end":{"line":null,"column":-1}},"19":{"start":{"line":37,"column":2},"end":{"line":null,"column":-1}},"20":{"start":{"line":41,"column":13},"end":{"line":41,"column":3}},"21":{"start":{"line":43,"column":3},"end":{"line":null,"column":-1}},"22":{"start":{"line":45,"column":7},"end":{"line":null,"column":-1}},"23":{"start":{"line":46,"column":7},"end":{"line":null,"column":-1}},"24":{"start":{"line":48,"column":7},"end":{"line":null,"column":-1}},"25":{"start":{"line":49,"column":7},"end":{"line":null,"column":-1}},"26":{"start":{"line":51,"column":7},"end":{"line":null,"column":-1}},"27":{"start":{"line":52,"column":7},"end":{"line":null,"column":-1}},"28":{"start":{"line":54,"column":7},"end":{"line":null,"column":-1}},"29":{"start":{"line":55,"column":7},"end":{"line":null,"column":-1}},"30":{"start":{"line":58,"column":3},"end":{"line":null,"column":-1}}},"fnMap":{"0":{"name":"FakeRandomData","decl":{"start":{"line":8,"column":1},"end":{"line":8,"column":14}},"loc":{"start":{"line":8,"column":15},"end":{"line":9,"column":2}}}},"branchMap":{"0":{"loc":{"start":{"line":12,"column":3},"end":{"line":14,"column":4}},"type":"if","locations":[{"start":{"line":12,"column":3},"end":{"line":14,"column":4}},{"start":{"line":12,"column":3},"end":{"line":14,"column":4}}]},"1":{"loc":{"start":{"line":16,"column":3},"end":{"line":18,"column":4}},"type":"if","locations":[{"start":{"line":16,"column":3},"end":{"line":18,"column":4}},{"start":{"line":16,"column":3},"end":{"line":18,"column":4}}]},"2":{"loc":{"start":{"line":16,"column":8},"end":{"line":16,"column":15}},"type":"cond-expr","locations":[{"start":{"line":16,"column":8},"end":{"line":16,"column":15}},{"start":{"line":16,"column":8},"end":{"line":16,"column":25}}]},"3":{"loc":{"start":{"line":22,"column":5},"end":{"line":24,"column":6}},"type":"if","locations":[{"start":{"line":22,"column":5},"end":{"line":24,"column":6}},{"start":{"line":22,"column":5},"end":{"line":24,"column":6}}]},"4":{"loc":{"start":{"line":33,"column":2},"end":{"line":35,"column":3}},"type":"if","locations":[{"start":{"line":33,"column":2},"end":{"line":35,"column":3}},{"start":{"line":33,"column":2},"end":{"line":35,"column":3}}]},"5":{"loc":{"start":{"line":44,"column":5},"end":{"line":46,"column":7}},"type":"switch","locations":[{"start":{"line":44,"column":5},"end":{"line":46,"column":7}},{"start":{"line":47,"column":5},"end":{"line":49,"column":7}},{"start":{"line":50,"column":5},"end":{"line":52,"column":7}},{"start":{"line":53,"column":5},"end":{"line":55,"column":7}}]}},"s":{"0":0,"1":0,"2":0,"3":0,"4":0,"5":0,"6":0,"7":0,"8":0,"9":0,"10":0,"11":0,"12":0,"13":0,"14":0,"15":0,"16":0,"17":0,"18":0,"19":0,"20":0,"21":0,"22":0,"23":0,"24":0,"25":0,"26":0,"27":0,"28":0,"29":0,"30":0},"f":{"0":0},"b":{"0":[0,0],"1":[0,0],"2":[0,0],"3":[0,0],"4":[0,0],"5":[0,0,0,0]}}
,"E:\\workspace\\fake-random-data\\src\\randoms\\RandomBoolean.js": {"path":"E:\\workspace\\fake-random-data\\src\\randoms\\RandomBoolean.js","statementMap":{"0":{"start":{"line":1,"column":22},"end":{"line":3,"column":1}},"1":{"start":{"line":2,"column":2},"end":{"line":2,"column":43}}},"fnMap":{"0":{"name":"(anonymous_0)","decl":{"start":{"line":1,"column":22},"end":{"line":1,"column":23}},"loc":{"start":{"line":1,"column":28},"end":{"line":3,"column":1}},"line":1}},"branchMap":{},"s":{"0":2,"1":2},"f":{"0":2},"b":{},"_coverageSchema":"332fd63041d2c1bcb487cc26dd0d5f7d97098a6c","hash":"37752cf866caf9cc9d6ed4c1651bac54d943d4cd"}
,"E:\\workspace\\fake-random-data\\src\\randoms\\RandomFloat.js": {"path":"E:\\workspace\\fake-random-data\\src\\randoms\\RandomFloat.js","statementMap":{"0":{"start":{"line":1,"column":20},"end":{"line":5,"column":1}},"1":{"start":{"line":2,"column":2},"end":{"line":2,"column":26}},"2":{"start":{"line":3,"column":2},"end":{"line":3,"column":26}},"3":{"start":{"line":4,"column":2},"end":{"line":4,"column":45}}},"fnMap":{"0":{"name":"(anonymous_0)","decl":{"start":{"line":1,"column":20},"end":{"line":1,"column":21}},"loc":{"start":{"line":1,"column":34},"end":{"line":5,"column":1}},"line":1}},"branchMap":{},"s":{"0":1,"1":3,"2":3,"3":3},"f":{"0":3},"b":{},"_coverageSchema":"332fd63041d2c1bcb487cc26dd0d5f7d97098a6c","hash":"d8982b5acc2eca51cc7ce8e7049b0cf26c33e23f"}
,"E:\\workspace\\fake-random-data\\src\\randoms\\RandomInt.js": {"path":"E:\\workspace\\fake-random-data\\src\\randoms\\RandomInt.js","statementMap":{"0":{"start":{"line":1,"column":18},"end":{"line":5,"column":1}},"1":{"start":{"line":2,"column":2},"end":{"line":2,"column":28}},"2":{"start":{"line":3,"column":2},"end":{"line":3,"column":28}},"3":{"start":{"line":4,"column":2},"end":{"line":4,"column":61}}},"fnMap":{"0":{"name":"(anonymous_0)","decl":{"start":{"line":1,"column":18},"end":{"line":1,"column":19}},"loc":{"start":{"line":1,"column":32},"end":{"line":5,"column":1}},"line":1}},"branchMap":{},"s":{"0":1,"1":6,"2":6,"3":6},"f":{"0":6},"b":{},"_coverageSchema":"332fd63041d2c1bcb487cc26dd0d5f7d97098a6c","hash":"a7e9cc32091395424a1a7f9bb831ee4c4739eed6"}
,"E:\\workspace\\fake-random-data\\src\\randoms\\RandomString.js": {"path":"E:\\workspace\\fake-random-data\\src\\randoms\\RandomString.js","statementMap":{"0":{"start":{"line":1,"column":21},"end":{"line":13,"column":1}},"1":{"start":{"line":2,"column":2},"end":{"line":2,"column":28}},"2":{"start":{"line":3,"column":16},"end":{"line":3,"column":71}},"3":{"start":{"line":4,"column":14},"end":{"line":4,"column":26}},"4":{"start":{"line":5,"column":15},"end":{"line":5,"column":17}},"5":{"start":{"line":6,"column":12},"end":{"line":6,"column":13}},"6":{"start":{"line":8,"column":2},"end":{"line":10,"column":3}},"7":{"start":{"line":9,"column":4},"end":{"line":9,"column":65}},"8":{"start":{"line":12,"column":2},"end":{"line":12,"column":16}}},"fnMap":{"0":{"name":"(anonymous_0)","decl":{"start":{"line":1,"column":21},"end":{"line":1,"column":22}},"loc":{"start":{"line":1,"column":37},"end":{"line":13,"column":1}},"line":1}},"branchMap":{"0":{"loc":{"start":{"line":1,"column":23},"end":{"line":1,"column":31}},"type":"default-arg","locations":[{"start":{"line":1,"column":29},"end":{"line":1,"column":31}}],"line":1}},"s":{"0":1,"1":4,"2":4,"3":4,"4":4,"5":4,"6":4,"7":50,"8":4},"f":{"0":4},"b":{"0":[3]},"_coverageSchema":"332fd63041d2c1bcb487cc26dd0d5f7d97098a6c","hash":"b9cdd2125be4d708c1afd98865b906c5bb481a8b"}
}
